<?xml version="1.0" encoding="UTF-8"?>
<!-- Generated by org.testng.reporters.JUnitXMLReporter -->
<testsuite ignored="0" hostname="LAPTOP-J5E37TJF" failures="0" tests="4" name="Default test" time="5.764" errors="0" timestamp="2023-02-08T07:29:11 IST">
  <testcase classname="test.LoginTest" name="verifyBuildTitleName" time="0.026"/>
  <testcase classname="test.LoginTest" name="verifyTitleOfLoginPage" time="0.346"/>
  <testcase classname="test.LoginTest" name="verifyCurrentUrlOfPage" time="0.013"/>
  <testcase classname="test.LoginTest" name="verifyLoginWithCorrectCredentials" time="1.733"/>
</testsuite> <!-- Default test -->
