<?xml version="1.0" encoding="UTF-8"?>
<!-- Generated by org.testng.reporters.JUnitXMLReporter -->
<testsuite ignored="2" hostname="LAPTOP-J5E37TJF" failures="1" tests="6" name="Test" time="20.973" errors="0" timestamp="2023-02-06T10:12:09 IST">
  <testcase classname="test.LoginTest" name="verifyBuildTitleName" time="0.013"/>
  <testcase classname="test.LoginTest" name="verifyTitleOfLoginPage" time="0.232"/>
  <testcase classname="test.LoginTest" name="verifyCurrentUrlOfPage" time="0.009"/>
  <testcase classname="test.LoginTest" name="verifyLoginWithCorrectCredentials" time="1.649"/>
  <testcase classname="test.PIMTest" name="verifyPimPageTitle" time="1.655"/>
  <testcase classname="test.PIMTest" name="verifyEmpSearchEmpId" time="10.205">
    <failure type="java.lang.IndexOutOfBoundsException" message="Index 0 out of bounds for length 0">
      <![CDATA[java.lang.IndexOutOfBoundsException: Index 0 out of bounds for length 0
at java.base/jdk.internal.util.Preconditions.outOfBounds(Preconditions.java:64)
at java.base/jdk.internal.util.Preconditions.outOfBoundsCheckIndex(Preconditions.java:70)
at java.base/jdk.internal.util.Preconditions.checkIndex(Preconditions.java:248)
at java.base/java.util.Objects.checkIndex(Objects.java:359)
at java.base/java.util.ArrayList.get(ArrayList.java:427)
at mainjava.PIMPage.getEmpIdFromSearchedResults(PIMPage.java:78)
at test.PIMTest.verifyEmpSearchEmpId(PIMTest.java:26)
at java.base/java.util.ArrayList.forEach(ArrayList.java:1511)
... Removed 27 stack frames]]>
    </failure>
  </testcase> <!-- verifyEmpSearchEmpId -->
  <testcase classname="test.BaseTest" name="@AfterSuite tearDown" time="0.0">
    <ignored/>
  </testcase> <!-- @AfterSuite tearDown -->
  <testcase classname="test.BaseTest" name="@BeforeSuite initBrowser" time="0.0">
    <ignored/>
  </testcase> <!-- @BeforeSuite initBrowser -->
</testsuite> <!-- Test -->
